<?xml version="1.0" encoding="UTF-8"?>
<testsuites>
  <testsuite name="" tests="2" assertions="13" errors="0" warnings="0" failures="0" skipped="0" time="0.697943">
    <testsuite name="P\Tests\Features\BasicTest" file="/Users/meta/Documents/Works/Developments/filament-confirm-delete/vendor/pestphp/pest/src/Factories/TestCaseFactory.php(223) : eval()'d code" tests="2" assertions="13" errors="0" warnings="0" failures="0" skipped="0" time="0.697943">
      <testcase name="it can validate the confirmation name" assertions="6" time="0.470080"/>
      <testcase name="it can delete with confirmation" assertions="7" time="0.227864"/>
    </testsuite>
  </testsuite>
</testsuites>
